NULL
NULL
NULL
NULL
NULL
 INFO - ------------------------------------------------------
2025-02-07 16:14:44,976 - INFO - -------------------- Cooking Soup --------------------
2025-02-07 16:14:44,976 - INFO - ------------------------------------------------------
2025-02-07 16:14:45,024 - INFO - Cooking soup for Sample_9226-CG-1...
2025-02-07 16:14:45,024 - INFO - Cooking soup for Sample_9226-CG-2...
2025-02-07 16:14:45,025 - INFO - Cooking soup for Sample_9910-CG-1...
2025-02-07 16:14:45,025 - INFO - Cooking soup for Sample_9910-CG-2...
2025-02-07 16:14:45,026 - INFO - Cooking soup for Sample_9910-CG-3...
2025-02-07 16:20:24,759 - INFO - ------------------------------------------------------
2025-02-07 16:20:24,759 - INFO - ------------------ Removing Doublet ------------------
2025-02-07 16:20:24,759 - INFO - ------------------------------------------------------
2025-02-07 16:20:24,800 - INFO - Removing doublet for Sample_9910-CG-2
2025-02-07 16:20:24,802 - INFO - Removing doublet for Sample_9226-CG-2
2025-02-07 16:20:24,806 - INFO - Removing doublet for Sample_9910-CG-1
2025-02-07 16:20:24,806 - INFO - Removing doublet for Sample_9226-CG-1
2025-02-07 16:20:24,809 - INFO - Removing doublet for Sample_9910-CG-3
2025-02-07 16:23:37,179 - INFO - ------------------------------------------------------
2025-02-07 16:23:37,182 - INFO - ------------------- Merging adatas -------------------
2025-02-07 16:23:37,185 - INFO - ------------------------------------------------------
2025-02-07 16:23:37,347 - INFO - Merging Sample_9226-CG-1...
2025-02-07 16:23:37,348 - INFO - Merging Sample_9226-CG-2...
2025-02-07 16:23:37,348 - INFO - Merging Sample_9910-CG-1...
2025-02-07 16:23:37,348 - INFO - Merging Sample_9910-CG-2...
2025-02-07 16:23:37,352 - INFO - Merging Sample_9910-CG-3...
2025-02-07 16:23:47,814 - INFO - ------------------------------------------------------
2025-02-07 16:23:47,814 - INFO - ------------------------ QCing -----------------------
2025-02-07 16:23:47,815 - INFO - ------------------------------------------------------
2025-02-07 16:23:56,207 - INFO - Merged adata shape: (44648, 36601)
2025-02-07 16:23:57,357 - INFO - QC
Pass            36993
Low_nFeature     4452
Doublet          3189
High_MT            14
Name: count, dtype: int64
2025-02-07 16:24:00,075 - INFO - -------------------------------------------------------
2025-02-07 16:24:00,075 - INFO - --------------------- Normalizing ---------------------
2025-02-07 16:24:00,075 - INFO - -------------------------------------------------------
2025-02-07 16:24:11,352 - INFO - -------------------------------------------------------
2025-02-07 16:24:11,353 - INFO - ------------------------ PCA -------------------------
2025-02-07 16:24:11,353 - INFO - -------------------------------------------------------
2025-02-07 16:24:26,889 - INFO - -------------------------------------------------------
2025-02-07 16:24:26,889 - INFO - --------------------- Harmony ------------------------
2025-02-07 16:24:26,889 - INFO - -------------------------------------------------------
2025-02-07 16:24:34,519 - INFO - Computing initial centroids with sklearn.KMeans...
2025-02-07 16:24:38,103 - INFO - sklearn.KMeans initialization complete.
2025-02-07 16:24:38,396 - INFO - Iteration 1 of 10
2025-02-07 16:24:51,230 - INFO - Iteration 2 of 10
2025-02-07 16:25:04,662 - INFO - Iteration 3 of 10
2025-02-07 16:25:16,071 - INFO - Iteration 4 of 10
2025-02-07 16:25:27,213 - INFO - Iteration 5 of 10
2025-02-07 16:25:39,331 - INFO - Iteration 6 of 10
2025-02-07 16:25:48,063 - INFO - Iteration 7 of 10
2025-02-07 16:26:00,067 - INFO - Iteration 8 of 10
2025-02-07 16:26:03,826 - INFO - Converged after 8 iterations
2025-02-07 16:26:06,763 - INFO - -------------------------------------------------------
2025-02-07 16:26:06,764 - INFO - ----------------- Visualizing Harmony -----------------
2025-02-07 16:26:06,764 - INFO - -------------------------------------------------------
2025-02-07 16:26:13,063 - INFO - Running UMAP with before harmony data
2025-02-07 16:27:29,042 - INFO - Running UMAP with after harmony data
2025-02-07 16:28:11,976 - INFO - -------------------------------------------------------
2025-02-07 16:28:11,977 - INFO - ---------------------- Clustering ---------------------
2025-02-07 16:28:11,977 - INFO - -------------------------------------------------------
2025-02-07 16:28:20,002 - INFO - Clustering with resolution: 0.010000...
2025-02-07 16:28:22,693 - INFO - Clustering with resolution: 0.020000...
2025-02-07 16:28:24,418 - INFO - Clustering with resolution: 0.040000...
2025-02-07 16:28:26,123 - INFO - Clustering with resolution: 0.080000...
2025-02-07 16:28:27,828 - INFO - Clustering with resolution: 0.160000...
2025-02-07 16:28:29,508 - INFO - Clustering with resolution: 0.240000...
2025-02-07 16:28:31,173 - INFO - Clustering with resolution: 0.320000...
2025-02-07 16:28:32,880 - INFO - Clustering with resolution: 0.400000...
2025-02-07 16:28:34,526 - INFO - Plotting UMAP...
2025-02-07 16:28:42,067 - INFO - -------------------------------------------------------
2025-02-07 16:28:42,067 - INFO - --------------------- Ranking Genes --------------------
2025-02-07 16:28:42,067 - INFO - -------------------------------------------------------
2025-02-07 16:28:50,353 - INFO - Ranking with resolution: 0.010000...
2025-02-07 16:28:51,728 - INFO - Ranking with resolution: 0.020000...
2025-02-07 16:28:53,042 - INFO - Ranking with resolution: 0.040000...
2025-02-07 16:28:55,234 - INFO - Ranking with resolution: 0.080000...
2025-02-07 16:28:56,988 - INFO - Ranking with resolution: 0.160000...
2025-02-07 16:28:59,819 - INFO - Ranking with resolution: 0.240000...
2025-02-07 16:29:02,715 - INFO - Ranking with resolution: 0.320000...
2025-02-07 16:29:05,804 - INFO - Ranking with resolution: 0.400000...
2025-02-07 16:29:15,233 - INFO - -------------------------------------------------------
2025-02-07 16:29:15,233 - INFO - ----------------------- Done! -------------------------
2025-02-07 16:29:15,238 - INFO - -------------------------------------------------------
